[debug] [2023-04-25T05:51:27.152Z] ----------------------------------------------------------------------
[debug] [2023-04-25T05:51:27.154Z] Command:       C:\Program Files\nodejs\node.exe C:\Program Files\nodejs\node_modules\firebase-tools\lib\bin\firebase.js init
[debug] [2023-04-25T05:51:27.154Z] CLI Version:   11.28.0
[debug] [2023-04-25T05:51:27.154Z] Platform:      win32
[debug] [2023-04-25T05:51:27.154Z] Node Version:  v16.10.0
[debug] [2023-04-25T05:51:27.155Z] Time:          Tue Apr 25 2023 08:51:27 GMT+0300 (Israel Daylight Time)
[debug] [2023-04-25T05:51:27.155Z] ----------------------------------------------------------------------
[debug] 
[debug] [2023-04-25T05:51:27.160Z] > command requires scopes: ["email","openid","https://www.googleapis.com/auth/cloudplatformprojects.readonly","https://www.googleapis.com/auth/firebase","https://www.googleapis.com/auth/cloud-platform"]
[debug] [2023-04-25T05:51:27.161Z] > authorizing via signed-in user (aylon.spigel@gmail.com)
[info] 
     ######## #### ########  ######## ########     ###     ######  ########
     ##        ##  ##     ## ##       ##     ##  ##   ##  ##       ##
     ######    ##  ########  ######   ########  #########  ######  ######
     ##        ##  ##    ##  ##       ##     ## ##     ##       ## ##
     ##       #### ##     ## ######## ########  ##     ##  ######  ########

You're about to initialize a Firebase project in this directory:

  C:\Users\aylon\Downloads\next13-Haarets\oratai

[info] 
=== Project Setup
[info] 
[info] First, let's associate this project directory with a Firebase project.
[info] You can create multiple project aliases by running firebase use --add, 
[info] but for now we'll just set up a default project.
[info] 
[debug] [2023-04-25T05:51:31.716Z] Using project from CLI flag: oratai-2018
[debug] [2023-04-25T05:51:31.717Z] > refreshing access token with scopes: []
[debug] [2023-04-25T05:51:31.718Z] >>> [apiv2][query] POST https://www.googleapis.com/oauth2/v3/token [none]
[debug] [2023-04-25T05:51:31.718Z] >>> [apiv2][body] POST https://www.googleapis.com/oauth2/v3/token [omitted]
[debug] [2023-04-25T05:51:31.871Z] <<< [apiv2][status] POST https://www.googleapis.com/oauth2/v3/token 400
[debug] [2023-04-25T05:51:31.871Z] <<< [apiv2][body] POST https://www.googleapis.com/oauth2/v3/token [omitted]
[debug] [2023-04-25T05:51:31.872Z] >>> [apiv2][query] GET https://firebase.googleapis.com/v1beta1/projects/oratai-2018 [none]
[debug] [2023-04-25T05:51:32.009Z] <<< [apiv2][status] GET https://firebase.googleapis.com/v1beta1/projects/oratai-2018 401
[debug] [2023-04-25T05:51:32.009Z] <<< [apiv2][body] GET https://firebase.googleapis.com/v1beta1/projects/oratai-2018 {"error":{"code":401,"message":"Request had invalid authentication credentials. Expected OAuth 2 access token, login cookie or other valid authentication credential. See https://developers.google.com/identity/sign-in/web/devconsole-project.","status":"UNAUTHENTICATED"}}
[debug] [2023-04-25T05:51:32.010Z] HTTP Error: 401, Request had invalid authentication credentials. Expected OAuth 2 access token, login cookie or other valid authentication credential. See https://developers.google.com/identity/sign-in/web/devconsole-project.
[debug] [2023-04-25T05:51:32.142Z] FirebaseError: HTTP Error: 401, Request had invalid authentication credentials. Expected OAuth 2 access token, login cookie or other valid authentication credential. See https://developers.google.com/identity/sign-in/web/devconsole-project.
    at responseToError (C:\Users\aylon\AppData\Roaming\nvm\v16.10.0\node_modules\firebase-tools\lib\responseToError.js:49:12)
    at RetryOperation._fn (C:\Users\aylon\AppData\Roaming\nvm\v16.10.0\node_modules\firebase-tools\lib\apiv2.js:288:77)
    at processTicksAndRejections (node:internal/process/task_queues:96:5)
[error] 
[error] Error: Failed to get Firebase project oratai-2018. Please make sure the project exists and your account has permission to access it.
[debug] [2023-04-25T05:51:53.383Z] ----------------------------------------------------------------------
[debug] [2023-04-25T05:51:53.384Z] Command:       C:\Program Files\nodejs\node.exe C:\Program Files\nodejs\node_modules\firebase-tools\lib\bin\firebase.js init
[debug] [2023-04-25T05:51:53.385Z] CLI Version:   11.28.0
[debug] [2023-04-25T05:51:53.385Z] Platform:      win32
[debug] [2023-04-25T05:51:53.385Z] Node Version:  v16.10.0
[debug] [2023-04-25T05:51:53.385Z] Time:          Tue Apr 25 2023 08:51:53 GMT+0300 (Israel Daylight Time)
[debug] [2023-04-25T05:51:53.385Z] ----------------------------------------------------------------------
[debug] 
[debug] [2023-04-25T05:51:53.390Z] > command requires scopes: ["email","openid","https://www.googleapis.com/auth/cloudplatformprojects.readonly","https://www.googleapis.com/auth/firebase","https://www.googleapis.com/auth/cloud-platform"]
[debug] [2023-04-25T05:51:53.390Z] > authorizing via signed-in user (aylon.spigel@gmail.com)
[info] 
     ######## #### ########  ######## ########     ###     ######  ########
     ##        ##  ##     ## ##       ##     ##  ##   ##  ##       ##
     ######    ##  ########  ######   ########  #########  ######  ######
     ##        ##  ##    ##  ##       ##     ## ##     ##       ## ##
     ##       #### ##     ## ######## ########  ##     ##  ######  ########

You're about to initialize a Firebase project in this directory:

  C:\Users\aylon\Downloads\next13-Haarets\oratai

[info] 
=== Project Setup
[info] 
[info] First, let's associate this project directory with a Firebase project.
[info] You can create multiple project aliases by running firebase use --add, 
[info] but for now we'll just set up a default project.
[info] 
[debug] [2023-04-25T05:52:40.475Z] Using project from CLI flag: oratai-2018
[debug] [2023-04-25T05:52:40.476Z] > refreshing access token with scopes: []
[debug] [2023-04-25T05:52:40.477Z] >>> [apiv2][query] POST https://www.googleapis.com/oauth2/v3/token [none]
[debug] [2023-04-25T05:52:40.477Z] >>> [apiv2][body] POST https://www.googleapis.com/oauth2/v3/token [omitted]
[debug] [2023-04-25T05:52:40.629Z] <<< [apiv2][status] POST https://www.googleapis.com/oauth2/v3/token 400
[debug] [2023-04-25T05:52:40.629Z] <<< [apiv2][body] POST https://www.googleapis.com/oauth2/v3/token [omitted]
[debug] [2023-04-25T05:52:40.629Z] >>> [apiv2][query] GET https://firebase.googleapis.com/v1beta1/projects/oratai-2018 [none]
[debug] [2023-04-25T05:52:40.759Z] <<< [apiv2][status] GET https://firebase.googleapis.com/v1beta1/projects/oratai-2018 401
[debug] [2023-04-25T05:52:40.759Z] <<< [apiv2][body] GET https://firebase.googleapis.com/v1beta1/projects/oratai-2018 {"error":{"code":401,"message":"Request had invalid authentication credentials. Expected OAuth 2 access token, login cookie or other valid authentication credential. See https://developers.google.com/identity/sign-in/web/devconsole-project.","status":"UNAUTHENTICATED"}}
[debug] [2023-04-25T05:52:40.760Z] HTTP Error: 401, Request had invalid authentication credentials. Expected OAuth 2 access token, login cookie or other valid authentication credential. See https://developers.google.com/identity/sign-in/web/devconsole-project.
[debug] [2023-04-25T05:52:40.892Z] FirebaseError: HTTP Error: 401, Request had invalid authentication credentials. Expected OAuth 2 access token, login cookie or other valid authentication credential. See https://developers.google.com/identity/sign-in/web/devconsole-project.
    at responseToError (C:\Users\aylon\AppData\Roaming\nvm\v16.10.0\node_modules\firebase-tools\lib\responseToError.js:49:12)
    at RetryOperation._fn (C:\Users\aylon\AppData\Roaming\nvm\v16.10.0\node_modules\firebase-tools\lib\apiv2.js:288:77)
    at processTicksAndRejections (node:internal/process/task_queues:96:5)
[error] 
[error] Error: Failed to get Firebase project oratai-2018. Please make sure the project exists and your account has permission to access it.
